2014-03-23 03:55:16 Error: [MissingViewException] View file "C:\xampp\htdocs\universidad-del-pastel\app\View\Courses\add_by_ajax.ctp" is missing.
#0 C:\xampp\htdocs\universidad-del-pastel\lib\Cake\View\View.php(472): View->_getViewFileName(NULL)
#1 C:\xampp\htdocs\universidad-del-pastel\lib\Cake\Controller\Controller.php(957): View->render(NULL, NULL)
#2 C:\xampp\htdocs\universidad-del-pastel\lib\Cake\Routing\Dispatcher.php(193): Controller->render()
#3 C:\xampp\htdocs\universidad-del-pastel\lib\Cake\Routing\Dispatcher.php(161): Dispatcher->_invoke(Object(CoursesController), Object(CakeRequest), Object(CakeResponse))
#4 C:\xampp\htdocs\universidad-del-pastel\app\webroot\index.php(92): Dispatcher->dispatch(Object(CakeRequest), Object(CakeResponse))
#5 {main}
2014-03-23 04:22:07 Error: Fatal Error (1): Call to a member function find() on a non-object in [C:\xampp\htdocs\universidad-del-pastel\app\Controller\TeachersController.php, line 54]
2014-03-23 04:22:07 Error: [FatalErrorException] Call to a member function find() on a non-object
#0 C:\xampp\htdocs\universidad-del-pastel\lib\Cake\Error\ErrorHandler.php(162): ErrorHandler::handleFatalError(1, 'Call to a membe...', 'C:\xampp\htdocs...', 54)
#1 [internal function]: ErrorHandler::handleError(1, 'Call to a membe...', 'C:\xampp\htdocs...', 54, Array)
#2 C:\xampp\htdocs\universidad-del-pastel\lib\Cake\Core\App.php(926): call_user_func('ErrorHandler::h...', 1, 'Call to a membe...', 'C:\xampp\htdocs...', 54, Array)
#3 C:\xampp\htdocs\universidad-del-pastel\lib\Cake\Core\App.php(899): App::_checkFatalError()
#4 [internal function]: App::shutdown()
#5 {main}
2014-03-23 04:24:04 Error: Fatal Error (4): syntax error, unexpected '=>' (T_DOUBLE_ARROW) in [C:\xampp\htdocs\universidad-del-pastel\app\Controller\TeachersController.php, line 55]
2014-03-23 04:24:04 Error: [FatalErrorException] syntax error, unexpected '=>' (T_DOUBLE_ARROW)
#0 C:\xampp\htdocs\universidad-del-pastel\lib\Cake\Error\ErrorHandler.php(162): ErrorHandler::handleFatalError(4, 'syntax error, u...', 'C:\xampp\htdocs...', 55)
#1 [internal function]: ErrorHandler::handleError(4, 'syntax error, u...', 'C:\xampp\htdocs...', 55, Array)
#2 C:\xampp\htdocs\universidad-del-pastel\lib\Cake\Core\App.php(926): call_user_func('ErrorHandler::h...', 4, 'syntax error, u...', 'C:\xampp\htdocs...', 55, Array)
#3 C:\xampp\htdocs\universidad-del-pastel\lib\Cake\Core\App.php(899): App::_checkFatalError()
#4 [internal function]: App::shutdown()
#5 {main}
2014-03-23 04:24:13 Error: Fatal Error (4): syntax error, unexpected ';' in [C:\xampp\htdocs\universidad-del-pastel\app\Controller\TeachersController.php, line 54]
2014-03-23 04:24:13 Error: [FatalErrorException] syntax error, unexpected ';'
#0 C:\xampp\htdocs\universidad-del-pastel\lib\Cake\Error\ErrorHandler.php(162): ErrorHandler::handleFatalError(4, 'syntax error, u...', 'C:\xampp\htdocs...', 54)
#1 [internal function]: ErrorHandler::handleError(4, 'syntax error, u...', 'C:\xampp\htdocs...', 54, Array)
#2 C:\xampp\htdocs\universidad-del-pastel\lib\Cake\Core\App.php(926): call_user_func('ErrorHandler::h...', 4, 'syntax error, u...', 'C:\xampp\htdocs...', 54, Array)
#3 C:\xampp\htdocs\universidad-del-pastel\lib\Cake\Core\App.php(899): App::_checkFatalError()
#4 [internal function]: App::shutdown()
#5 {main}
2014-03-23 04:24:25 Error: Fatal Error (4): syntax error, unexpected ';' in [C:\xampp\htdocs\universidad-del-pastel\app\Controller\TeachersController.php, line 54]
2014-03-23 04:24:25 Error: [FatalErrorException] syntax error, unexpected ';'
#0 C:\xampp\htdocs\universidad-del-pastel\lib\Cake\Error\ErrorHandler.php(162): ErrorHandler::handleFatalError(4, 'syntax error, u...', 'C:\xampp\htdocs...', 54)
#1 [internal function]: ErrorHandler::handleError(4, 'syntax error, u...', 'C:\xampp\htdocs...', 54, Array)
#2 C:\xampp\htdocs\universidad-del-pastel\lib\Cake\Core\App.php(926): call_user_func('ErrorHandler::h...', 4, 'syntax error, u...', 'C:\xampp\htdocs...', 54, Array)
#3 C:\xampp\htdocs\universidad-del-pastel\lib\Cake\Core\App.php(899): App::_checkFatalError()
#4 [internal function]: App::shutdown()
#5 {main}
2014-03-23 04:24:37 Error: Fatal Error (4): syntax error, unexpected ';' in [C:\xampp\htdocs\universidad-del-pastel\app\Controller\TeachersController.php, line 54]
2014-03-23 04:24:37 Error: [FatalErrorException] syntax error, unexpected ';'
#0 C:\xampp\htdocs\universidad-del-pastel\lib\Cake\Error\ErrorHandler.php(162): ErrorHandler::handleFatalError(4, 'syntax error, u...', 'C:\xampp\htdocs...', 54)
#1 [internal function]: ErrorHandler::handleError(4, 'syntax error, u...', 'C:\xampp\htdocs...', 54, Array)
#2 C:\xampp\htdocs\universidad-del-pastel\lib\Cake\Core\App.php(926): call_user_func('ErrorHandler::h...', 4, 'syntax error, u...', 'C:\xampp\htdocs...', 54, Array)
#3 C:\xampp\htdocs\universidad-del-pastel\lib\Cake\Core\App.php(899): App::_checkFatalError()
#4 [internal function]: App::shutdown()
#5 {main}
2014-03-23 05:17:24 Error: Fatal Error (4): syntax error, unexpected '=>' (T_DOUBLE_ARROW) in [C:\xampp\htdocs\universidad-del-pastel\app\Controller\TeachersController.php, line 55]
2014-03-23 05:17:24 Error: [FatalErrorException] syntax error, unexpected '=>' (T_DOUBLE_ARROW)
#0 C:\xampp\htdocs\universidad-del-pastel\lib\Cake\Error\ErrorHandler.php(162): ErrorHandler::handleFatalError(4, 'syntax error, u...', 'C:\xampp\htdocs...', 55)
#1 [internal function]: ErrorHandler::handleError(4, 'syntax error, u...', 'C:\xampp\htdocs...', 55, Array)
#2 C:\xampp\htdocs\universidad-del-pastel\lib\Cake\Core\App.php(926): call_user_func('ErrorHandler::h...', 4, 'syntax error, u...', 'C:\xampp\htdocs...', 55, Array)
#3 C:\xampp\htdocs\universidad-del-pastel\lib\Cake\Core\App.php(899): App::_checkFatalError()
#4 [internal function]: App::shutdown()
#5 {main}
2014-03-23 05:17:43 Error: Fatal Error (4): syntax error, unexpected ';' in [C:\xampp\htdocs\universidad-del-pastel\app\Controller\TeachersController.php, line 54]
2014-03-23 05:17:43 Error: [FatalErrorException] syntax error, unexpected ';'
#0 C:\xampp\htdocs\universidad-del-pastel\lib\Cake\Error\ErrorHandler.php(162): ErrorHandler::handleFatalError(4, 'syntax error, u...', 'C:\xampp\htdocs...', 54)
#1 [internal function]: ErrorHandler::handleError(4, 'syntax error, u...', 'C:\xampp\htdocs...', 54, Array)
#2 C:\xampp\htdocs\universidad-del-pastel\lib\Cake\Core\App.php(926): call_user_func('ErrorHandler::h...', 4, 'syntax error, u...', 'C:\xampp\htdocs...', 54, Array)
#3 C:\xampp\htdocs\universidad-del-pastel\lib\Cake\Core\App.php(899): App::_checkFatalError()
#4 [internal function]: App::shutdown()
#5 {main}
2014-03-23 05:34:12 Error: Fatal Error (4): syntax error, unexpected ';' in [C:\xampp\htdocs\universidad-del-pastel\app\Controller\TeachersController.php, line 54]
2014-03-23 05:34:12 Error: [FatalErrorException] syntax error, unexpected ';'
#0 C:\xampp\htdocs\universidad-del-pastel\lib\Cake\Error\ErrorHandler.php(162): ErrorHandler::handleFatalError(4, 'syntax error, u...', 'C:\xampp\htdocs...', 54)
#1 [internal function]: ErrorHandler::handleError(4, 'syntax error, u...', 'C:\xampp\htdocs...', 54, Array)
#2 C:\xampp\htdocs\universidad-del-pastel\lib\Cake\Core\App.php(926): call_user_func('ErrorHandler::h...', 4, 'syntax error, u...', 'C:\xampp\htdocs...', 54, Array)
#3 C:\xampp\htdocs\universidad-del-pastel\lib\Cake\Core\App.php(899): App::_checkFatalError()
#4 [internal function]: App::shutdown()
#5 {main}
2014-03-23 06:08:14 Error: [MissingActionException] Action TeachersController::addByAjax() could not be found.
#0 C:\xampp\htdocs\universidad-del-pastel\lib\Cake\Routing\Dispatcher.php(186): Controller->invokeAction(Object(CakeRequest))
#1 C:\xampp\htdocs\universidad-del-pastel\lib\Cake\Routing\Dispatcher.php(161): Dispatcher->_invoke(Object(TeachersController), Object(CakeRequest), Object(CakeResponse))
#2 C:\xampp\htdocs\universidad-del-pastel\app\webroot\index.php(92): Dispatcher->dispatch(Object(CakeRequest), Object(CakeResponse))
#3 {main}
2014-03-23 06:57:25 Error: Fatal Error (4): syntax error, unexpected ';' in [C:\xampp\htdocs\universidad-del-pastel\app\Controller\CoursesController.php, line 39]
2014-03-23 06:57:25 Error: [FatalErrorException] syntax error, unexpected ';'
#0 C:\xampp\htdocs\universidad-del-pastel\lib\Cake\Error\ErrorHandler.php(162): ErrorHandler::handleFatalError(4, 'syntax error, u...', 'C:\xampp\htdocs...', 39)
#1 [internal function]: ErrorHandler::handleError(4, 'syntax error, u...', 'C:\xampp\htdocs...', 39, Array)
#2 C:\xampp\htdocs\universidad-del-pastel\lib\Cake\Core\App.php(926): call_user_func('ErrorHandler::h...', 4, 'syntax error, u...', 'C:\xampp\htdocs...', 39, Array)
#3 C:\xampp\htdocs\universidad-del-pastel\lib\Cake\Core\App.php(899): App::_checkFatalError()
#4 [internal function]: App::shutdown()
#5 {main}
2014-03-23 06:57:35 Error: Fatal Error (4): syntax error, unexpected ';' in [C:\xampp\htdocs\universidad-del-pastel\app\Controller\CoursesController.php, line 39]
2014-03-23 06:57:35 Error: [FatalErrorException] syntax error, unexpected ';'
#0 C:\xampp\htdocs\universidad-del-pastel\lib\Cake\Error\ErrorHandler.php(162): ErrorHandler::handleFatalError(4, 'syntax error, u...', 'C:\xampp\htdocs...', 39)
#1 [internal function]: ErrorHandler::handleError(4, 'syntax error, u...', 'C:\xampp\htdocs...', 39, Array)
#2 C:\xampp\htdocs\universidad-del-pastel\lib\Cake\Core\App.php(926): call_user_func('ErrorHandler::h...', 4, 'syntax error, u...', 'C:\xampp\htdocs...', 39, Array)
#3 C:\xampp\htdocs\universidad-del-pastel\lib\Cake\Core\App.php(899): App::_checkFatalError()
#4 [internal function]: App::shutdown()
#5 {main}
